2023-04-17 15:28:03,928 [main] INFO  SyncTimesheets - Retrieved original Camis timesheet entries for Bryon Ward with result Optional[WeeklyTimesheet{lines=[TimesheetLine{identifier='27465003', workOrder=AFWE002.001, status=DRAFT, timeCode=ZZ, hoursByDays=[LoggedHoursByDay{date=2023-05-06, hours=40.75}]}, TimesheetLine{identifier='27465004', workOrder=AFWE002.001, status=DRAFT, timeCode=ZZ, hoursByDays=[LoggedHoursByDay{date=2023-05-07, hours=2.0}]}]}]  
2023-04-17 15:28:03,933 [main] DEBUG SyncTimesheets - input information of employee Bryon Ward : Employee{resourceId=I098816/Bryon Ward, weeklyTimeSheets=[WeeklyTimesheet{lines=[TimesheetLine{identifier='', workOrder=AFWE002.001, status=DRAFT, timeCode=ZZ, hoursByDays=[LoggedHoursByDay{date=2023-05-06, hours=40.75}, LoggedHoursByDay{date=2023-05-07, hours=2.0}]}]}]} 
2023-04-17 15:28:03,933 [main] DEBUG SyncTimesheets - camis information of employee Bryon Ward : Optional[WeeklyTimesheet{lines=[TimesheetLine{identifier='27465003', workOrder=AFWE002.001, status=DRAFT, timeCode=ZZ, hoursByDays=[LoggedHoursByDay{date=2023-05-06, hours=40.75}]}, TimesheetLine{identifier='27465004', workOrder=AFWE002.001, status=DRAFT, timeCode=ZZ, hoursByDays=[LoggedHoursByDay{date=2023-05-07, hours=2.0}]}]}] 
2023-04-17 15:28:03,935 [main] INFO  SyncTimesheets - No Sync Action needed for Bryon Ward on workOrder AFWE002.001 and date 2023-05-06 
2023-04-17 15:28:03,935 [main] INFO  SyncTimesheets - No Sync Action needed for Bryon Ward on workOrder AFWE002.001 and date 2023-05-07 
2023-04-17 16:01:46,084 [main] INFO  SyncTimesheets - Retrieved original Camis timesheet entries for Bryon Ward with result Optional[WeeklyTimesheet{lines=[TimesheetLine{identifier='27465003', workOrder=AFWE002.001, status=DRAFT, timeCode=ZZ, hoursByDays=[LoggedHoursByDay{date=2023-05-06, hours=40.75}]}, TimesheetLine{identifier='27465004', workOrder=AFWE002.001, status=DRAFT, timeCode=ZZ, hoursByDays=[LoggedHoursByDay{date=2023-05-07, hours=2.0}]}]}]  
2023-04-17 16:01:46,087 [main] DEBUG SyncTimesheets - input information of employee Bryon Ward : Employee{resourceId=I098816/Bryon Ward, weeklyTimeSheets=[WeeklyTimesheet{lines=[TimesheetLine{identifier='', workOrder=AFWE002.001, status=DRAFT, timeCode=ZZ, hoursByDays=[LoggedHoursByDay{date=2023-05-06, hours=40.75}, LoggedHoursByDay{date=2023-05-07, hours=2.0}]}]}]} 
2023-04-17 16:01:46,088 [main] DEBUG SyncTimesheets - camis information of employee Bryon Ward : Optional[WeeklyTimesheet{lines=[TimesheetLine{identifier='27465003', workOrder=AFWE002.001, status=DRAFT, timeCode=ZZ, hoursByDays=[LoggedHoursByDay{date=2023-05-06, hours=40.75}]}, TimesheetLine{identifier='27465004', workOrder=AFWE002.001, status=DRAFT, timeCode=ZZ, hoursByDays=[LoggedHoursByDay{date=2023-05-07, hours=2.0}]}]}] 
2023-04-17 16:01:46,089 [main] INFO  SyncTimesheets - No Sync Action needed for Bryon Ward on workOrder AFWE002.001 and date 2023-05-06 
2023-04-17 16:01:46,089 [main] INFO  SyncTimesheets - No Sync Action needed for Bryon Ward on workOrder AFWE002.001 and date 2023-05-07 
2023-04-17 16:01:55,325 [main] INFO  SyncTimesheets - Retrieved original Camis timesheet entries for Bryon Ward with result Optional[WeeklyTimesheet{lines=[TimesheetLine{identifier='27465003', workOrder=AFWE002.001, status=DRAFT, timeCode=ZZ, hoursByDays=[LoggedHoursByDay{date=2023-05-06, hours=40.75}]}, TimesheetLine{identifier='27465004', workOrder=AFWE002.001, status=DRAFT, timeCode=ZZ, hoursByDays=[LoggedHoursByDay{date=2023-05-07, hours=2.0}]}]}]  
2023-04-17 16:01:55,330 [main] DEBUG SyncTimesheets - input information of employee Bryon Ward : Employee{resourceId=I098816/Bryon Ward, weeklyTimeSheets=[WeeklyTimesheet{lines=[TimesheetLine{identifier='', workOrder=AFWE002.001, status=DRAFT, timeCode=ZZ, hoursByDays=[LoggedHoursByDay{date=2023-05-06, hours=40.75}, LoggedHoursByDay{date=2023-05-07, hours=2.0}]}]}]} 
2023-04-17 16:01:55,330 [main] DEBUG SyncTimesheets - camis information of employee Bryon Ward : Optional[WeeklyTimesheet{lines=[TimesheetLine{identifier='27465003', workOrder=AFWE002.001, status=DRAFT, timeCode=ZZ, hoursByDays=[LoggedHoursByDay{date=2023-05-06, hours=40.75}]}, TimesheetLine{identifier='27465004', workOrder=AFWE002.001, status=DRAFT, timeCode=ZZ, hoursByDays=[LoggedHoursByDay{date=2023-05-07, hours=2.0}]}]}] 

2023-04-18 11:51:33,569 [main] ERROR SyncTimesheets - Not syncing inputEmployee Bryon Ward timesheet starting at 2023-05-01 due to less than 40.0 hours logged 
2023-04-18 13:36:03,077 [main] ERROR SyncTimesheets - Not syncing inputEmployee Bryon Ward timesheet starting at 2023-05-01 due to less than 40.0 hours logged 
2023-04-18 13:41:59,819 [main] ERROR SyncTimesheets - Not syncing inputEmployee Bryon Ward timesheet starting at 2023-05-01 due to less than 40.0 hours logged 
2023-04-18 13:45:02,602 [main] ERROR SyncTimesheets - Not syncing inputEmployee Bryon Ward timesheet starting at 2023-05-01 due to less than 40.0 hours logged 
2023-04-18 13:45:04,404 [main] INFO  SyncTimesheets - Retrieved original Camis timesheet entries for Thomas Slegers with result Optional.empty  
2023-04-18 13:45:04,405 [main] DEBUG SyncTimesheets - input information of employee Thomas Slegers : Employee{resourceId=I098566/Thomas Slegers, weeklyTimeSheets=[WeeklyTimesheet{lines=[TimesheetLine{identifier='', workOrder=AFWE002.001, status=DRAFT, timeCode=ZZ, hoursByDays=[LoggedHoursByDay{date=2023-05-03, hours=40.0}]}]}]} 
2023-04-18 13:45:04,409 [main] DEBUG SyncTimesheets - camis information of employee Thomas Slegers : Optional.empty 
2023-04-18 13:45:05,207 [main] INFO  SyncTimesheets - Updated timesheetLine of employee Thomas Slegers on date 2023-05-03 with workOrder AFWE002.001 and hours 40.0 
2023-04-18 13:47:00,969 [main] ERROR SyncTimesheets - Not syncing inputEmployee Bryon Ward timesheet starting at 2023-05-01 due to less than 40.0 hours logged 
2023-04-18 13:47:08,893 [main] INFO  SyncTimesheets - Retrieved original Camis timesheet entries for Thomas Slegers with result Optional.empty  
2023-04-18 13:47:08,894 [main] DEBUG SyncTimesheets - input information of employee Thomas Slegers : Employee{resourceId=I098566/Thomas Slegers, weeklyTimeSheets=[WeeklyTimesheet{lines=[TimesheetLine{identifier='', workOrder=AFWE002.001, status=DRAFT, timeCode=ZZ, hoursByDays=[LoggedHoursByDay{date=2023-05-03, hours=41.0}]}]}]} 
2023-04-18 13:47:08,897 [main] DEBUG SyncTimesheets - camis information of employee Thomas Slegers : Optional.empty 
2023-04-18 13:47:09,667 [main] INFO  SyncTimesheets - Updated timesheetLine of employee Thomas Slegers on date 2023-05-03 with workOrder AFWE002.001 and hours 41.0 
2023-04-18 14:22:12,005 [main] ERROR SyncTimesheets - Not syncing inputEmployee Bryon Ward timesheet starting at 2023-05-01 due to less than 40.0 hours logged 
2023-04-18 14:25:56,593 [main] ERROR SyncTimesheets - Not syncing inputEmployee Bryon Ward timesheet starting at 2023-05-01 due to less than 40.0 hours logged 
2023-04-18 14:33:44,801 [main] ERROR SyncTimesheets - Not syncing inputEmployee Bryon Ward timesheet starting at 2023-05-01 due to less than 40.0 hours logged 
2023-04-18 14:34:09,298 [main] ERROR SyncTimesheets - Not syncing inputEmployee Bryon Ward timesheet starting at 2023-05-01 due to less than 40.0 hours logged 
2023-04-18 14:36:40,192 [main] ERROR SyncTimesheets - Not syncing inputEmployee Bryon Ward timesheet starting at 2023-05-01 due to less than 40.0 hours logged 
2023-04-18 14:36:54,419 [main] ERROR SyncTimesheets - Not syncing inputEmployee Bryon Ward timesheet starting at 2023-05-01 due to less than 40.0 hours logged 
2023-04-18 14:38:48,422 [main] ERROR SyncTimesheets - Not syncing inputEmployee Bryon Ward timesheet starting at 2023-05-01 due to less than 40.0 hours logged 
2023-04-18 14:40:34,916 [main] ERROR SyncTimesheets - Not syncing inputEmployee Bryon Ward timesheet starting at 2023-05-01 due to less than 40.0 hours logged 
2023-04-18 14:40:40,611 [main] ERROR SyncTimesheets - Not syncing inputEmployee Bryon Ward timesheet starting at 2023-05-01 due to less than 40.0 hours logged 
2023-04-18 14:41:33,743 [main] ERROR SyncTimesheets - Not syncing inputEmployee Bryon Ward timesheet starting at 2023-05-01 due to less than 40.0 hours logged 
2023-04-18 14:48:14,056 [main] ERROR SyncTimesheets - Not syncing inputEmployee Bryon Ward timesheet starting at 2023-05-01 due to less than 40.0 hours logged 
2023-04-18 14:48:44,644 [main] ERROR SyncTimesheets - Not syncing inputEmployee Bryon Ward timesheet starting at 2023-05-01 due to less than 40.0 hours logged 
2023-04-18 14:49:29,638 [main] ERROR SyncTimesheets - Not syncing inputEmployee Bryon Ward timesheet starting at 2023-05-01 due to less than 40.0 hours logged 
2023-04-18 14:50:59,364 [main] ERROR SyncTimesheets - Not syncing inputEmployee Bryon Ward timesheet starting at 2023-05-01 due to less than 40.0 hours logged 
2023-04-18 15:03:06,744 [main] ERROR SyncTimesheets - Not syncing inputEmployee Bryon Ward timesheet starting at 2023-05-01 due to less than 40.0 hours logged 
2023-04-18 15:03:14,065 [main] ERROR SyncTimesheets - Not syncing inputEmployee Bryon Ward timesheet starting at 2023-05-01 due to less than 40.0 hours logged 
2023-04-18 15:04:11,306 [main] ERROR SyncTimesheets - Not syncing inputEmployee Bryon Ward timesheet starting at 2023-05-01 due to less than 40.0 hours logged 
2023-04-18 15:04:18,314 [main] ERROR SyncTimesheets - Not syncing inputEmployee Bryon Ward timesheet starting at 2023-05-01 due to less than 40.0 hours logged 
2023-04-18 15:11:37,857 [main] ERROR SyncTimesheets - Not syncing inputEmployee Bryon Ward timesheet starting at 2023-05-01 due to less than 40.0 hours logged 
2023-04-18 15:54:54,922 [main] ERROR SyncTimesheets - Not syncing inputEmployee Bryon Ward timesheet starting at 2023-05-01 due to less than 40.0 hours logged 
2023-04-18 15:57:43,115 [main] ERROR SyncTimesheets - Not syncing inputEmployee Bryon Ward timesheet starting at 2023-05-01 due to less than 40.0 hours logged 
2023-04-18 16:05:15,174 [main] ERROR SyncTimesheets - Not syncing inputEmployee Bryon Ward timesheet starting at 2023-05-01 due to less than 40.0 hours logged 
2023-04-18 16:06:01,563 [main] ERROR SyncTimesheets - Not syncing inputEmployee Bryon Ward timesheet starting at 2023-05-01 due to less than 40.0 hours logged 
2023-04-18 16:08:23,745 [main] ERROR SyncTimesheets - Not syncing inputEmployee Bryon Ward timesheet starting at 2023-05-01 due to less than 40.0 hours logged 
2023-04-18 16:09:39,013 [main] ERROR SyncTimesheets - Not syncing inputEmployee Bryon Ward timesheet starting at 2023-05-01 due to less than 40.0 hours logged 
2023-04-18 16:18:05,267 [main] ERROR SyncTimesheets - Not syncing inputEmployee Bryon Ward timesheet starting at 2023-05-01 due to less than 40.0 hours logged 
2023-04-18 16:20:05,620 [main] ERROR SyncTimesheets - Not syncing inputEmployee Bryon Ward timesheet starting at 2023-05-01 due to less than 40.0 hours logged 
2023-04-18 16:20:07,465 [main] INFO  SyncTimesheets - Retrieved original Camis timesheet entries for Thomas Slegers with result Optional.empty  
2023-04-18 16:20:07,466 [main] DEBUG SyncTimesheets - input information of employee Thomas Slegers : Employee{resourceId=I098845/Thomas Slegers, weeklyTimeSheets=[WeeklyTimesheet{lines=[TimesheetLine{identifier='', workOrder=AFWE002.001, status=DRAFT, timeCode=ZZ, hoursByDays=[LoggedHoursByDay{date=2023-05-07, hours=40.0}]}]}]} 
2023-04-18 16:20:07,470 [main] DEBUG SyncTimesheets - camis information of employee Thomas Slegers : Optional.empty 
2023-04-18 16:20:10,201 [main] INFO  SyncTimesheets - Updated timesheetLine of employee Thomas Slegers on date 2023-05-07 with workOrder AFWE002.001 and hours 40.0 
2023-04-18 16:31:36,713 [main] ERROR SyncTimesheets - Not syncing inputEmployee Bryon Ward timesheet starting at 2023-05-01 due to less than 40.0 hours logged 
2023-04-18 16:32:00,295 [main] ERROR SyncTimesheets - Not syncing inputEmployee Bryon Ward timesheet starting at 2023-05-01 due to less than 40.0 hours logged 
2023-04-18 16:52:47,947 [main] ERROR SyncTimesheets - Not syncing inputEmployee Bryon Ward timesheet starting at 2023-05-01 due to less than 40.0 hours logged 
2023-04-18 16:53:12,341 [main] ERROR SyncTimesheets - Not syncing inputEmployee Bryon Ward timesheet starting at 2023-05-01 due to less than 40.0 hours logged 
2023-04-19 15:29:56,879 [main] ERROR SyncTimesheets - Not syncing inputEmployee Bryon Ward timesheet starting at 2023-05-01 due to less than 40.0 hours logged 
2023-04-19 15:32:58,910 [main] ERROR SyncTimesheets - Not syncing inputEmployee Bryon Ward timesheet starting at 2023-05-01 due to less than 40.0 hours logged 
2023-04-19 15:33:51,675 [main] ERROR SyncTimesheets - Not syncing inputEmployee Bryon Ward timesheet starting at 2023-05-01 due to less than 40.0 hours logged 
2023-04-19 15:34:25,202 [main] ERROR SyncTimesheets - Not syncing inputEmployee Bryon Ward timesheet starting at 2023-05-01 due to less than 40.0 hours logged 
2023-04-19 15:35:44,344 [main] ERROR SyncTimesheets - Not syncing inputEmployee Bryon Ward timesheet starting at 2023-05-01 due to less than 40.0 hours logged 
2023-04-19 15:41:48,893 [main] ERROR SyncTimesheets - Not syncing inputEmployee Bryon Ward timesheet starting at 2023-05-01 due to less than 40.0 hours logged 
2023-04-19 15:47:36,141 [main] ERROR SyncTimesheets - Not syncing inputEmployee Bryon Ward timesheet starting at 2023-05-01 due to less than 40.0 hours logged 
2023-04-19 15:49:00,659 [main] ERROR SyncTimesheets - Not syncing inputEmployee Bryon Ward timesheet starting at 2023-05-01 due to less than 40.0 hours logged 
2023-04-19 15:50:22,992 [main] ERROR SyncTimesheets - Not syncing inputEmployee Bryon Ward timesheet starting at 2023-05-01 due to less than 40.0 hours logged 
2023-04-19 15:55:11,282 [main] ERROR SyncTimesheets - Not syncing inputEmployee Bryon Ward timesheet starting at 2023-05-01 due to less than 40.0 hours logged 
2023-04-19 15:55:11,282 [main] ERROR SyncTimesheets - Not syncing inputEmployee Bryon Ward timesheet starting at 2023-05-15 due to less than 40.0 hours logged 
2023-04-19 15:55:16,823 [main] INFO  SyncTimesheets - Retrieved original Camis timesheet entries for Bryon Ward with result Optional.empty  
2023-04-19 15:55:16,823 [main] DEBUG SyncTimesheets - input information of employee Bryon Ward : Employee{resourceId=I098816/Bryon Ward, weeklyTimeSheets=[WeeklyTimesheet{lines=[TimesheetLine{identifier='', workOrder=AFWE002.001, status=DRAFT, timeCode=ZZ, hoursByDays=[LoggedHoursByDay{date=2023-05-06, hours=30.75}, LoggedHoursByDay{date=2023-05-07, hours=2.0}]}]}, WeeklyTimesheet{lines=[TimesheetLine{identifier='', workOrder=AFWE005.002, status=DRAFT, timeCode=ZZ, hoursByDays=[LoggedHoursByDay{date=2023-05-20, hours=5.0}]}]}, WeeklyTimesheet{lines=[TimesheetLine{identifier='', workOrder=AFWE007.002, status=DRAFT, timeCode=ZZ, hoursByDays=[LoggedHoursByDay{date=2023-05-30, hours=42.0}]}]}]} 
2023-04-19 15:55:16,826 [main] DEBUG SyncTimesheets - camis information of employee Bryon Ward : Optional.empty 
2023-04-19 15:55:17,906 [main] INFO  SyncTimesheets - Updated timesheetLine of employee Bryon Ward on date 2023-05-30 with workOrder AFWE007.002 and hours 42.0 
2023-04-19 15:55:58,458 [main] ERROR SyncTimesheets - Not syncing inputEmployee Bryon Ward timesheet starting at 2023-05-01 due to less than 40.0 hours logged 
2023-04-19 15:55:58,459 [main] ERROR SyncTimesheets - Not syncing inputEmployee Bryon Ward timesheet starting at 2023-05-15 due to less than 40.0 hours logged 
2023-04-19 15:56:00,841 [main] INFO  SyncTimesheets - Retrieved original Camis timesheet entries for Bryon Ward with result Optional[WeeklyTimesheet{lines=[TimesheetLine{identifier='27487116', workOrder=AFWE002.001, status=DRAFT, timeCode=ZZ, hoursByDays=[LoggedHoursByDay{date=2023-05-30, hours=42.0}]}]}]  
2023-04-19 15:56:00,845 [main] DEBUG SyncTimesheets - input information of employee Bryon Ward : Employee{resourceId=I098816/Bryon Ward, weeklyTimeSheets=[WeeklyTimesheet{lines=[TimesheetLine{identifier='', workOrder=AFWE002.001, status=DRAFT, timeCode=ZZ, hoursByDays=[LoggedHoursByDay{date=2023-05-06, hours=30.75}, LoggedHoursByDay{date=2023-05-07, hours=2.0}]}]}, WeeklyTimesheet{lines=[TimesheetLine{identifier='', workOrder=AFWE005.002, status=DRAFT, timeCode=ZZ, hoursByDays=[LoggedHoursByDay{date=2023-05-20, hours=5.0}]}]}, WeeklyTimesheet{lines=[TimesheetLine{identifier='', workOrder=AFWE007.002, status=DRAFT, timeCode=ZZ, hoursByDays=[LoggedHoursByDay{date=2023-05-30, hours=42.0}]}]}]} 
2023-04-19 15:56:00,846 [main] DEBUG SyncTimesheets - camis information of employee Bryon Ward : Optional[WeeklyTimesheet{lines=[TimesheetLine{identifier='27487116', workOrder=AFWE002.001, status=DRAFT, timeCode=ZZ, hoursByDays=[LoggedHoursByDay{date=2023-05-30, hours=42.0}]}]}] 
2023-04-19 15:56:02,134 [main] INFO  SyncTimesheets - Updated timesheetLine of employee Bryon Ward on date 2023-05-30 with workOrder AFWE007.002 and hours 42.0 
2023-04-19 16:01:30,796 [main] ERROR SyncTimesheets - Not syncing inputEmployee Bryon Ward timesheet starting at 2023-05-01 due to less than 40.0 hours logged 
2023-04-19 16:01:30,796 [main] ERROR SyncTimesheets - Not syncing inputEmployee Bryon Ward timesheet starting at 2023-05-15 due to less than 40.0 hours logged 
2023-04-19 16:01:31,522 [main] INFO  SyncTimesheets - Retrieved original Camis timesheet entries for Bryon Ward with result Optional[WeeklyTimesheet{lines=[TimesheetLine{identifier='27487116', workOrder=AFWE002.001, status=DRAFT, timeCode=ZZ, hoursByDays=[LoggedHoursByDay{date=2023-05-30, hours=42.0}]}, TimesheetLine{identifier='27487135', workOrder=AFWE002.001, status=DRAFT, timeCode=ZZ, hoursByDays=[LoggedHoursByDay{date=2023-05-30, hours=42.0}]}]}]  
2023-04-19 16:01:31,526 [main] DEBUG SyncTimesheets - input information of employee Bryon Ward : Employee{resourceId=I098816/Bryon Ward, weeklyTimeSheets=[WeeklyTimesheet{lines=[TimesheetLine{identifier='', workOrder=AFWE002.001, status=DRAFT, timeCode=ZZ, hoursByDays=[LoggedHoursByDay{date=2023-05-06, hours=30.75}, LoggedHoursByDay{date=2023-05-07, hours=2.0}]}]}, WeeklyTimesheet{lines=[TimesheetLine{identifier='', workOrder=AFWE005.002, status=DRAFT, timeCode=ZZ, hoursByDays=[LoggedHoursByDay{date=2023-05-20, hours=5.0}]}]}, WeeklyTimesheet{lines=[TimesheetLine{identifier='', workOrder=AFWE007.002, status=DRAFT, timeCode=ZZ, hoursByDays=[LoggedHoursByDay{date=2023-05-30, hours=42.0}]}]}]} 
2023-04-19 16:01:31,526 [main] DEBUG SyncTimesheets - camis information of employee Bryon Ward : Optional[WeeklyTimesheet{lines=[TimesheetLine{identifier='27487116', workOrder=AFWE002.001, status=DRAFT, timeCode=ZZ, hoursByDays=[LoggedHoursByDay{date=2023-05-30, hours=42.0}]}, TimesheetLine{identifier='27487135', workOrder=AFWE002.001, status=DRAFT, timeCode=ZZ, hoursByDays=[LoggedHoursByDay{date=2023-05-30, hours=42.0}]}]}] 
2023-04-19 16:01:32,467 [main] INFO  SyncTimesheets - Updated timesheetLine of employee Bryon Ward on date 2023-05-30 with workOrder AFWE007.002 and hours 42.0 
2023-04-19 16:01:58,659 [main] ERROR SyncTimesheets - Not syncing inputEmployee Bryon Ward timesheet starting at 2023-05-01 due to less than 40.0 hours logged 
2023-04-19 16:01:58,659 [main] ERROR SyncTimesheets - Not syncing inputEmployee Bryon Ward timesheet starting at 2023-05-15 due to less than 40.0 hours logged 
2023-04-19 16:01:59,683 [main] INFO  SyncTimesheets - Retrieved original Camis timesheet entries for Bryon Ward with result Optional[WeeklyTimesheet{lines=[TimesheetLine{identifier='27487116', workOrder=AFWE002.001, status=DRAFT, timeCode=ZZ, hoursByDays=[LoggedHoursByDay{date=2023-05-30, hours=42.0}]}, TimesheetLine{identifier='27487135', workOrder=AFWE002.001, status=DRAFT, timeCode=ZZ, hoursByDays=[LoggedHoursByDay{date=2023-05-30, hours=42.0}]}, TimesheetLine{identifier='27487195', workOrder=AFWE002.001, status=DRAFT, timeCode=ZZ, hoursByDays=[LoggedHoursByDay{date=2023-05-30, hours=42.0}]}]}]  
2023-04-19 16:01:59,688 [main] DEBUG SyncTimesheets - input information of employee Bryon Ward : Employee{resourceId=I098816/Bryon Ward, weeklyTimeSheets=[WeeklyTimesheet{lines=[TimesheetLine{identifier='', workOrder=AFWE002.001, status=DRAFT, timeCode=ZZ, hoursByDays=[LoggedHoursByDay{date=2023-05-06, hours=30.75}, LoggedHoursByDay{date=2023-05-07, hours=2.0}]}]}, WeeklyTimesheet{lines=[TimesheetLine{identifier='', workOrder=AFWE005.002, status=DRAFT, timeCode=ZZ, hoursByDays=[LoggedHoursByDay{date=2023-05-20, hours=5.0}]}]}, WeeklyTimesheet{lines=[TimesheetLine{identifier='', workOrder=AFWE007.002, status=DRAFT, timeCode=ZZ, hoursByDays=[LoggedHoursByDay{date=2023-05-30, hours=42.0}]}]}]} 
2023-04-19 16:01:59,688 [main] DEBUG SyncTimesheets - camis information of employee Bryon Ward : Optional[WeeklyTimesheet{lines=[TimesheetLine{identifier='27487116', workOrder=AFWE002.001, status=DRAFT, timeCode=ZZ, hoursByDays=[LoggedHoursByDay{date=2023-05-30, hours=42.0}]}, TimesheetLine{identifier='27487135', workOrder=AFWE002.001, status=DRAFT, timeCode=ZZ, hoursByDays=[LoggedHoursByDay{date=2023-05-30, hours=42.0}]}, TimesheetLine{identifier='27487195', workOrder=AFWE002.001, status=DRAFT, timeCode=ZZ, hoursByDays=[LoggedHoursByDay{date=2023-05-30, hours=42.0}]}]}] 
2023-04-19 16:02:00,939 [main] INFO  SyncTimesheets - Updated timesheetLine of employee Bryon Ward on date 2023-05-30 with workOrder AFWE007.002 and hours 42.0 
2023-04-19 16:02:20,908 [main] ERROR SyncTimesheets - Not syncing inputEmployee Bryon Ward timesheet starting at 2023-05-01 due to less than 40.0 hours logged 
2023-04-19 16:02:20,908 [main] ERROR SyncTimesheets - Not syncing inputEmployee Bryon Ward timesheet starting at 2023-05-15 due to less than 40.0 hours logged 
2023-04-19 16:02:21,808 [main] INFO  SyncTimesheets - Retrieved original Camis timesheet entries for Bryon Ward with result Optional[WeeklyTimesheet{lines=[TimesheetLine{identifier='27487116', workOrder=AFWE002.001, status=DRAFT, timeCode=ZZ, hoursByDays=[LoggedHoursByDay{date=2023-05-30, hours=42.0}]}, TimesheetLine{identifier='27487135', workOrder=AFWE002.001, status=DRAFT, timeCode=ZZ, hoursByDays=[LoggedHoursByDay{date=2023-05-30, hours=42.0}]}, TimesheetLine{identifier='27487195', workOrder=AFWE002.001, status=DRAFT, timeCode=ZZ, hoursByDays=[LoggedHoursByDay{date=2023-05-30, hours=42.0}]}, TimesheetLine{identifier='27487201', workOrder=AFWE002.001, status=DRAFT, timeCode=ZZ, hoursByDays=[LoggedHoursByDay{date=2023-05-30, hours=42.0}]}]}]  
2023-04-19 16:02:21,812 [main] DEBUG SyncTimesheets - input information of employee Bryon Ward : Employee{resourceId=I098816/Bryon Ward, weeklyTimeSheets=[WeeklyTimesheet{lines=[TimesheetLine{identifier='', workOrder=AFWE002.001, status=DRAFT, timeCode=ZZ, hoursByDays=[LoggedHoursByDay{date=2023-05-06, hours=30.75}, LoggedHoursByDay{date=2023-05-07, hours=2.0}]}]}, WeeklyTimesheet{lines=[TimesheetLine{identifier='', workOrder=AFWE005.002, status=DRAFT, timeCode=ZZ, hoursByDays=[LoggedHoursByDay{date=2023-05-20, hours=5.0}]}]}, WeeklyTimesheet{lines=[TimesheetLine{identifier='', workOrder=AFWE007.002, status=DRAFT, timeCode=ZZ, hoursByDays=[LoggedHoursByDay{date=2023-05-30, hours=42.0}]}]}]} 
2023-04-19 16:02:21,813 [main] DEBUG SyncTimesheets - camis information of employee Bryon Ward : Optional[WeeklyTimesheet{lines=[TimesheetLine{identifier='27487116', workOrder=AFWE002.001, status=DRAFT, timeCode=ZZ, hoursByDays=[LoggedHoursByDay{date=2023-05-30, hours=42.0}]}, TimesheetLine{identifier='27487135', workOrder=AFWE002.001, status=DRAFT, timeCode=ZZ, hoursByDays=[LoggedHoursByDay{date=2023-05-30, hours=42.0}]}, TimesheetLine{identifier='27487195', workOrder=AFWE002.001, status=DRAFT, timeCode=ZZ, hoursByDays=[LoggedHoursByDay{date=2023-05-30, hours=42.0}]}, TimesheetLine{identifier='27487201', workOrder=AFWE002.001, status=DRAFT, timeCode=ZZ, hoursByDays=[LoggedHoursByDay{date=2023-05-30, hours=42.0}]}]}] 
2023-04-19 16:03:22,802 [main] ERROR SyncTimesheets - Not syncing inputEmployee Bryon Ward timesheet starting at 2023-05-01 due to less than 40.0 hours logged 
2023-04-19 16:03:22,802 [main] ERROR SyncTimesheets - Not syncing inputEmployee Bryon Ward timesheet starting at 2023-05-15 due to less than 40.0 hours logged 
2023-04-19 16:03:23,553 [main] INFO  SyncTimesheets - Retrieved original Camis timesheet entries for Bryon Ward with result Optional[WeeklyTimesheet{lines=[TimesheetLine{identifier='27487116', workOrder=AFWE002.001, status=DRAFT, timeCode=ZZ, hoursByDays=[LoggedHoursByDay{date=2023-05-30, hours=42.0}]}, TimesheetLine{identifier='27487135', workOrder=AFWE002.001, status=DRAFT, timeCode=ZZ, hoursByDays=[LoggedHoursByDay{date=2023-05-30, hours=42.0}]}, TimesheetLine{identifier='27487195', workOrder=AFWE002.001, status=DRAFT, timeCode=ZZ, hoursByDays=[LoggedHoursByDay{date=2023-05-30, hours=42.0}]}, TimesheetLine{identifier='27487201', workOrder=AFWE002.001, status=DRAFT, timeCode=ZZ, hoursByDays=[LoggedHoursByDay{date=2023-05-30, hours=42.0}]}]}]  
2023-04-19 16:03:23,559 [main] DEBUG SyncTimesheets - input information of employee Bryon Ward : Employee{resourceId=I098816/Bryon Ward, weeklyTimeSheets=[WeeklyTimesheet{lines=[TimesheetLine{identifier='', workOrder=AFWE002.001, status=DRAFT, timeCode=ZZ, hoursByDays=[LoggedHoursByDay{date=2023-05-06, hours=30.75}, LoggedHoursByDay{date=2023-05-07, hours=2.0}]}]}, WeeklyTimesheet{lines=[TimesheetLine{identifier='', workOrder=AFWE005.002, status=DRAFT, timeCode=ZZ, hoursByDays=[LoggedHoursByDay{date=2023-05-20, hours=5.0}]}]}, WeeklyTimesheet{lines=[TimesheetLine{identifier='', workOrder=AFWE007.002, status=DRAFT, timeCode=ZZ, hoursByDays=[LoggedHoursByDay{date=2023-05-30, hours=42.0}]}]}]} 
2023-04-19 16:03:23,560 [main] DEBUG SyncTimesheets - camis information of employee Bryon Ward : Optional[WeeklyTimesheet{lines=[TimesheetLine{identifier='27487116', workOrder=AFWE002.001, status=DRAFT, timeCode=ZZ, hoursByDays=[LoggedHoursByDay{date=2023-05-30, hours=42.0}]}, TimesheetLine{identifier='27487135', workOrder=AFWE002.001, status=DRAFT, timeCode=ZZ, hoursByDays=[LoggedHoursByDay{date=2023-05-30, hours=42.0}]}, TimesheetLine{identifier='27487195', workOrder=AFWE002.001, status=DRAFT, timeCode=ZZ, hoursByDays=[LoggedHoursByDay{date=2023-05-30, hours=42.0}]}, TimesheetLine{identifier='27487201', workOrder=AFWE002.001, status=DRAFT, timeCode=ZZ, hoursByDays=[LoggedHoursByDay{date=2023-05-30, hours=42.0}]}]}] 
2023-04-19 16:03:33,317 [main] INFO  SyncTimesheets - Updated timesheetLine of employee Bryon Ward on date 2023-05-30 with workOrder AFWE007.002 and hours 42.0 
2023-04-19 16:03:56,805 [main] ERROR SyncTimesheets - Not syncing inputEmployee Bryon Ward timesheet starting at 2023-05-01 due to less than 40.0 hours logged 
2023-04-19 16:03:56,806 [main] ERROR SyncTimesheets - Not syncing inputEmployee Bryon Ward timesheet starting at 2023-05-15 due to less than 40.0 hours logged 
2023-04-19 16:03:57,933 [main] INFO  SyncTimesheets - Retrieved original Camis timesheet entries for Bryon Ward with result Optional[WeeklyTimesheet{lines=[TimesheetLine{identifier='27487116', workOrder=AFWE002.001, status=DRAFT, timeCode=ZZ, hoursByDays=[LoggedHoursByDay{date=2023-05-30, hours=42.0}]}, TimesheetLine{identifier='27487135', workOrder=AFWE002.001, status=DRAFT, timeCode=ZZ, hoursByDays=[LoggedHoursByDay{date=2023-05-30, hours=42.0}]}, TimesheetLine{identifier='27487215', workOrder=AFWE002.001, status=DRAFT, timeCode=ZZ, hoursByDays=[LoggedHoursByDay{date=2023-05-30, hours=42.0}]}, TimesheetLine{identifier='27487195', workOrder=AFWE002.001, status=DRAFT, timeCode=ZZ, hoursByDays=[LoggedHoursByDay{date=2023-05-30, hours=42.0}]}, TimesheetLine{identifier='27487201', workOrder=AFWE002.001, status=DRAFT, timeCode=ZZ, hoursByDays=[LoggedHoursByDay{date=2023-05-30, hours=42.0}]}]}]  
2023-04-19 16:03:57,938 [main] DEBUG SyncTimesheets - input information of employee Bryon Ward : Employee{resourceId=I098816/Bryon Ward, weeklyTimeSheets=[WeeklyTimesheet{lines=[TimesheetLine{identifier='', workOrder=AFWE002.001, status=DRAFT, timeCode=ZZ, hoursByDays=[LoggedHoursByDay{date=2023-05-06, hours=30.75}, LoggedHoursByDay{date=2023-05-07, hours=2.0}]}]}, WeeklyTimesheet{lines=[TimesheetLine{identifier='', workOrder=AFWE005.002, status=DRAFT, timeCode=ZZ, hoursByDays=[LoggedHoursByDay{date=2023-05-20, hours=5.0}]}]}, WeeklyTimesheet{lines=[TimesheetLine{identifier='', workOrder=AFWE007.002, status=DRAFT, timeCode=ZZ, hoursByDays=[LoggedHoursByDay{date=2023-05-30, hours=42.0}]}]}]} 
2023-04-19 16:03:57,938 [main] DEBUG SyncTimesheets - camis information of employee Bryon Ward : Optional[WeeklyTimesheet{lines=[TimesheetLine{identifier='27487116', workOrder=AFWE002.001, status=DRAFT, timeCode=ZZ, hoursByDays=[LoggedHoursByDay{date=2023-05-30, hours=42.0}]}, TimesheetLine{identifier='27487135', workOrder=AFWE002.001, status=DRAFT, timeCode=ZZ, hoursByDays=[LoggedHoursByDay{date=2023-05-30, hours=42.0}]}, TimesheetLine{identifier='27487215', workOrder=AFWE002.001, status=DRAFT, timeCode=ZZ, hoursByDays=[LoggedHoursByDay{date=2023-05-30, hours=42.0}]}, TimesheetLine{identifier='27487195', workOrder=AFWE002.001, status=DRAFT, timeCode=ZZ, hoursByDays=[LoggedHoursByDay{date=2023-05-30, hours=42.0}]}, TimesheetLine{identifier='27487201', workOrder=AFWE002.001, status=DRAFT, timeCode=ZZ, hoursByDays=[LoggedHoursByDay{date=2023-05-30, hours=42.0}]}]}] 
2023-04-19 16:08:27,280 [main] ERROR SyncTimesheets - Not syncing inputEmployee Bryon Ward timesheet starting at 2023-05-01 due to less than 40.0 hours logged 
2023-04-19 16:08:27,280 [main] ERROR SyncTimesheets - Not syncing inputEmployee Thomas Slegers timesheet starting at 2023-05-15 due to less than 40.0 hours logged 
2023-04-19 16:08:28,672 [main] INFO  SyncTimesheets - Retrieved original Camis timesheet entries for Thomas Slegers with result Optional.empty  
2023-04-19 16:08:28,673 [main] DEBUG SyncTimesheets - input information of employee Thomas Slegers : Employee{resourceId=I098817/Thomas Slegers, weeklyTimeSheets=[WeeklyTimesheet{lines=[TimesheetLine{identifier='', workOrder=AFWE005.002, status=DRAFT, timeCode=ZZ, hoursByDays=[LoggedHoursByDay{date=2023-05-20, hours=5.0}]}]}, WeeklyTimesheet{lines=[TimesheetLine{identifier='', workOrder=AFWE007.002, status=DRAFT, timeCode=ZZ, hoursByDays=[LoggedHoursByDay{date=2023-05-30, hours=42.0}]}]}]} 
2023-04-19 16:08:28,677 [main] DEBUG SyncTimesheets - camis information of employee Thomas Slegers : Optional.empty 
2023-04-19 16:08:29,843 [main] INFO  SyncTimesheets - Updated timesheetLine of employee Thomas Slegers on date 2023-05-30 with workOrder AFWE007.002 and hours 42.0 
2023-04-19 16:09:14,729 [main] ERROR SyncTimesheets - Not syncing inputEmployee Bryon Ward timesheet starting at 2023-05-01 due to less than 40.0 hours logged 
2023-04-19 16:09:14,730 [main] ERROR SyncTimesheets - Not syncing inputEmployee Thomas Slegers timesheet starting at 2023-05-15 due to less than 40.0 hours logged 
2023-04-19 16:09:17,750 [main] INFO  SyncTimesheets - Retrieved original Camis timesheet entries for Thomas Slegers with result Optional.empty  
2023-04-19 16:09:17,751 [main] DEBUG SyncTimesheets - input information of employee Thomas Slegers : Employee{resourceId=I098817/Thomas Slegers, weeklyTimeSheets=[WeeklyTimesheet{lines=[TimesheetLine{identifier='', workOrder=AFWE005.002, status=DRAFT, timeCode=ZZ, hoursByDays=[LoggedHoursByDay{date=2023-05-20, hours=5.0}]}]}, WeeklyTimesheet{lines=[TimesheetLine{identifier='', workOrder=AFWE007.002, status=DRAFT, timeCode=ZZ, hoursByDays=[LoggedHoursByDay{date=2023-05-30, hours=42.0}]}]}]} 
2023-04-19 16:09:17,755 [main] DEBUG SyncTimesheets - camis information of employee Thomas Slegers : Optional.empty 
2023-04-19 16:09:18,303 [main] INFO  SyncTimesheets - Updated timesheetLine of employee Thomas Slegers on date 2023-05-30 with workOrder AFWE007.002 and hours 42.0 
2023-04-20 13:52:32,578 [main] ERROR SyncTimesheets - Not syncing inputEmployee Bryon Ward timesheet starting at 2023-05-01 due to less than 40.0 hours logged 
2023-04-20 13:52:32,578 [main] ERROR SyncTimesheets - Not syncing inputEmployee Thomas Slegers timesheet starting at 2023-05-15 due to less than 40.0 hours logged 
